<?xml version="1.0" encoding="UTF-8"?>
<!-- Generated by org.testng.reporters.JUnitXMLReporter -->
<testsuite hostname="VSI-LAP-45" name="Default test" tests="3" failures="0" timestamp="30 Nov 2016 10:38:54 GMT" time="0.165" errors="0">
  <testcase name="@BeforeTest beforeTest" time="0.0" classname="RACFtoAD.UserManagement">
    <failure type="org.testng.TestNGException" message="
Parameter &amp;apos;browser&amp;apos; is required by @Configuration on method beforeTest but has not been marked @Optional or defined
in C:\Users\caparna\AppData\Local\Temp\testng-eclipse-1878894265\testng-customsuite.xml">
      <![CDATA[org.testng.TestNGException: 
Parameter 'browser' is required by @Configuration on method beforeTest but has not been marked @Optional or defined
in C:\Users\caparna\AppData\Local\Temp\testng-eclipse-1878894265\testng-customsuite.xml
	at org.testng.internal.Parameters.createParameters(Parameters.java:154)
	at org.testng.internal.Parameters.createParameters(Parameters.java:361)
	at org.testng.internal.Parameters.createConfigurationParameters(Parameters.java:84)
	at org.testng.internal.Invoker.invokeConfigurations(Invoker.java:197)
	at org.testng.internal.Invoker.invokeConfigurations(Invoker.java:138)
	at org.testng.TestRunner.beforeRun(TestRunner.java:648)
	at org.testng.TestRunner.run(TestRunner.java:616)
	at org.testng.SuiteRunner.runTest(SuiteRunner.java:359)
	at org.testng.SuiteRunner.runSequentially(SuiteRunner.java:354)
	at org.testng.SuiteRunner.privateRun(SuiteRunner.java:312)
	at org.testng.SuiteRunner.run(SuiteRunner.java:261)
	at org.testng.SuiteRunnerWorker.runSuite(SuiteRunnerWorker.java:52)
	at org.testng.SuiteRunnerWorker.run(SuiteRunnerWorker.java:86)
	at org.testng.TestNG.runSuitesSequentially(TestNG.java:1215)
	at org.testng.TestNG.runSuitesLocally(TestNG.java:1140)
	at org.testng.TestNG.run(TestNG.java:1048)
	at org.testng.remote.AbstractRemoteTestNG.run(AbstractRemoteTestNG.java:126)
	at org.testng.remote.RemoteTestNG.initAndRun(RemoteTestNG.java:137)
	at org.testng.remote.RemoteTestNG.main(RemoteTestNG.java:58)
]]>
    </failure>
  </testcase> <!-- @BeforeTest beforeTest -->
  <testcase name="@AfterTest afterTest" time="0.0" classname="RACFtoAD.UserManagement">
    <skipped/>
  </testcase> <!-- @AfterTest afterTest -->
  <testcase name="UserManagement_ModuleAccessFromDashboard" time="0.012" classname="RACFtoAD.UserManagement">
    <skipped/>
  </testcase> <!-- UserManagement_ModuleAccessFromDashboard -->
  <testcase name="UserManagement_AddUser" time="0.003" classname="RACFtoAD.UserManagement">
    <skipped/>
  </testcase> <!-- UserManagement_AddUser -->
  <testcase name="UserManagement_DeleteUser" time="0.003" classname="RACFtoAD.UserManagement">
    <skipped/>
  </testcase> <!-- UserManagement_DeleteUser -->
</testsuite> <!-- Default test -->
